2014/08/08 21:43:35 [error] [php] date(): It is not safe to rely on the system's timezone settings. You are *required* to use the date.timezone setting or the date_default_timezone_set() function. In case you used any of those methods and you are still getting this warning, you most likely misspelled the timezone identifier. We selected the timezone 'UTC' for now, but please set date.timezone to select your timezone. (/Library/WebServer/Documents/yiidemo/protected/views/layouts/main.php:51)
Stack trace:
#0 /Library/WebServer/Documents/yii/framework/web/CBaseController.php(95): SiteController->renderInternal()
#1 /Library/WebServer/Documents/yii/framework/web/widgets/CContentDecorator.php(76): SiteController->renderFile()
#2 /Library/WebServer/Documents/yii/framework/web/widgets/CContentDecorator.php(54): CContentDecorator->decorate()
#3 /Library/WebServer/Documents/yii/framework/web/widgets/COutputProcessor.php(44): CContentDecorator->processOutput()
#4 /Library/WebServer/Documents/yii/framework/web/CBaseController.php(206): CContentDecorator->run()
#5 /Library/WebServer/Documents/yii/framework/web/CBaseController.php(300): SiteController->endWidget()
#6 /Library/WebServer/Documents/yiidemo/protected/views/layouts/column1.php(6): SiteController->endContent()
#7 /Library/WebServer/Documents/yii/framework/web/CBaseController.php(126): require()
#8 /Library/WebServer/Documents/yii/framework/web/CBaseController.php(95): SiteController->renderInternal()
#9 /Library/WebServer/Documents/yii/framework/web/CController.php(784): SiteController->renderFile()
#10 /Library/WebServer/Documents/yiidemo/protected/controllers/SiteController.php(32): SiteController->render()
#11 /Library/WebServer/Documents/yii/framework/web/actions/CInlineAction.php(49): SiteController->actionIndex()
#12 /Library/WebServer/Documents/yii/framework/web/CController.php(308): CInlineAction->runWithParams()
#13 /Library/WebServer/Documents/yii/framework/web/CController.php(286): SiteController->runAction()
#14 /Library/WebServer/Documents/yii/framework/web/CController.php(265): SiteController->runActionWithFilters()
#15 /Library/WebServer/Documents/yii/framework/web/CWebApplication.php(282): SiteController->run()
#16 /Library/WebServer/Documents/yii/framework/web/CWebApplication.php(141): CWebApplication->runController()
#17 /Library/WebServer/Documents/yii/framework/base/CApplication.php(180): CWebApplication->processRequest()
#18 /Library/WebServer/Documents/yiidemo/index.php(13): CWebApplication->run()
REQUEST_URI=/yiidemo/
in /Library/WebServer/Documents/yiidemo/protected/views/layouts/main.php (51)
in /Library/WebServer/Documents/yiidemo/protected/views/layouts/column1.php (6)
in /Library/WebServer/Documents/yiidemo/protected/controllers/SiteController.php (32)
2014/08/08 21:44:35 [error] [php] date(): It is not safe to rely on the system's timezone settings. You are *required* to use the date.timezone setting or the date_default_timezone_set() function. In case you used any of those methods and you are still getting this warning, you most likely misspelled the timezone identifier. We selected the timezone 'UTC' for now, but please set date.timezone to select your timezone. (/Library/WebServer/Documents/yiidemo/protected/views/layouts/main.php:51)
Stack trace:
#0 /Library/WebServer/Documents/yii/framework/web/CBaseController.php(95): SiteController->renderInternal()
#1 /Library/WebServer/Documents/yii/framework/web/widgets/CContentDecorator.php(76): SiteController->renderFile()
#2 /Library/WebServer/Documents/yii/framework/web/widgets/CContentDecorator.php(54): CContentDecorator->decorate()
#3 /Library/WebServer/Documents/yii/framework/web/widgets/COutputProcessor.php(44): CContentDecorator->processOutput()
#4 /Library/WebServer/Documents/yii/framework/web/CBaseController.php(206): CContentDecorator->run()
#5 /Library/WebServer/Documents/yii/framework/web/CBaseController.php(300): SiteController->endWidget()
#6 /Library/WebServer/Documents/yiidemo/protected/views/layouts/column1.php(6): SiteController->endContent()
#7 /Library/WebServer/Documents/yii/framework/web/CBaseController.php(126): require()
#8 /Library/WebServer/Documents/yii/framework/web/CBaseController.php(95): SiteController->renderInternal()
#9 /Library/WebServer/Documents/yii/framework/web/CController.php(784): SiteController->renderFile()
#10 /Library/WebServer/Documents/yiidemo/protected/controllers/SiteController.php(32): SiteController->render()
#11 /Library/WebServer/Documents/yii/framework/web/actions/CInlineAction.php(49): SiteController->actionIndex()
#12 /Library/WebServer/Documents/yii/framework/web/CController.php(308): CInlineAction->runWithParams()
#13 /Library/WebServer/Documents/yii/framework/web/CController.php(286): SiteController->runAction()
#14 /Library/WebServer/Documents/yii/framework/web/CController.php(265): SiteController->runActionWithFilters()
#15 /Library/WebServer/Documents/yii/framework/web/CWebApplication.php(282): SiteController->run()
#16 /Library/WebServer/Documents/yii/framework/web/CWebApplication.php(141): CWebApplication->runController()
#17 /Library/WebServer/Documents/yii/framework/base/CApplication.php(180): CWebApplication->processRequest()
#18 /Library/WebServer/Documents/yiidemo/index.php(13): CWebApplication->run()
REQUEST_URI=/yiidemo/
in /Library/WebServer/Documents/yiidemo/protected/views/layouts/main.php (51)
in /Library/WebServer/Documents/yiidemo/protected/views/layouts/column1.php (6)
in /Library/WebServer/Documents/yiidemo/protected/controllers/SiteController.php (32)
2014/08/08 21:45:58 [error] [php] date(): It is not safe to rely on the system's timezone settings. You are *required* to use the date.timezone setting or the date_default_timezone_set() function. In case you used any of those methods and you are still getting this warning, you most likely misspelled the timezone identifier. We selected the timezone 'UTC' for now, but please set date.timezone to select your timezone. (/Library/WebServer/Documents/yiidemo/protected/views/layouts/main.php:51)
Stack trace:
#0 /Library/WebServer/Documents/yii/framework/web/CBaseController.php(95): SiteController->renderInternal()
#1 /Library/WebServer/Documents/yii/framework/web/widgets/CContentDecorator.php(76): SiteController->renderFile()
#2 /Library/WebServer/Documents/yii/framework/web/widgets/CContentDecorator.php(54): CContentDecorator->decorate()
#3 /Library/WebServer/Documents/yii/framework/web/widgets/COutputProcessor.php(44): CContentDecorator->processOutput()
#4 /Library/WebServer/Documents/yii/framework/web/CBaseController.php(206): CContentDecorator->run()
#5 /Library/WebServer/Documents/yii/framework/web/CBaseController.php(300): SiteController->endWidget()
#6 /Library/WebServer/Documents/yiidemo/protected/views/layouts/column1.php(6): SiteController->endContent()
#7 /Library/WebServer/Documents/yii/framework/web/CBaseController.php(126): require()
#8 /Library/WebServer/Documents/yii/framework/web/CBaseController.php(95): SiteController->renderInternal()
#9 /Library/WebServer/Documents/yii/framework/web/CController.php(784): SiteController->renderFile()
#10 /Library/WebServer/Documents/yiidemo/protected/controllers/SiteController.php(32): SiteController->render()
#11 /Library/WebServer/Documents/yii/framework/web/actions/CInlineAction.php(49): SiteController->actionIndex()
#12 /Library/WebServer/Documents/yii/framework/web/CController.php(308): CInlineAction->runWithParams()
#13 /Library/WebServer/Documents/yii/framework/web/CController.php(286): SiteController->runAction()
#14 /Library/WebServer/Documents/yii/framework/web/CController.php(265): SiteController->runActionWithFilters()
#15 /Library/WebServer/Documents/yii/framework/web/CWebApplication.php(282): SiteController->run()
#16 /Library/WebServer/Documents/yii/framework/web/CWebApplication.php(141): CWebApplication->runController()
#17 /Library/WebServer/Documents/yii/framework/base/CApplication.php(180): CWebApplication->processRequest()
#18 /Library/WebServer/Documents/yiidemo/index.php(13): CWebApplication->run()
REQUEST_URI=/yiidemo/
in /Library/WebServer/Documents/yiidemo/protected/views/layouts/main.php (51)
in /Library/WebServer/Documents/yiidemo/protected/views/layouts/column1.php (6)
in /Library/WebServer/Documents/yiidemo/protected/controllers/SiteController.php (32)
2014/08/08 21:57:14 [error] [php] date(): It is not safe to rely on the system's timezone settings. You are *required* to use the date.timezone setting or the date_default_timezone_set() function. In case you used any of those methods and you are still getting this warning, you most likely misspelled the timezone identifier. We selected the timezone 'UTC' for now, but please set date.timezone to select your timezone. (/Library/WebServer/Documents/yiidemo/protected/views/layouts/main.php:51)
Stack trace:
#0 /Library/WebServer/Documents/yii/framework/web/CBaseController.php(95): SiteController->renderInternal()
#1 /Library/WebServer/Documents/yii/framework/web/widgets/CContentDecorator.php(76): SiteController->renderFile()
#2 /Library/WebServer/Documents/yii/framework/web/widgets/CContentDecorator.php(54): CContentDecorator->decorate()
#3 /Library/WebServer/Documents/yii/framework/web/widgets/COutputProcessor.php(44): CContentDecorator->processOutput()
#4 /Library/WebServer/Documents/yii/framework/web/CBaseController.php(206): CContentDecorator->run()
#5 /Library/WebServer/Documents/yii/framework/web/CBaseController.php(300): SiteController->endWidget()
#6 /Library/WebServer/Documents/yiidemo/protected/views/layouts/column1.php(6): SiteController->endContent()
#7 /Library/WebServer/Documents/yii/framework/web/CBaseController.php(126): require()
#8 /Library/WebServer/Documents/yii/framework/web/CBaseController.php(95): SiteController->renderInternal()
#9 /Library/WebServer/Documents/yii/framework/web/CController.php(784): SiteController->renderFile()
#10 /Library/WebServer/Documents/yiidemo/protected/controllers/SiteController.php(32): SiteController->render()
#11 /Library/WebServer/Documents/yii/framework/web/actions/CInlineAction.php(49): SiteController->actionIndex()
#12 /Library/WebServer/Documents/yii/framework/web/CController.php(308): CInlineAction->runWithParams()
#13 /Library/WebServer/Documents/yii/framework/web/CController.php(286): SiteController->runAction()
#14 /Library/WebServer/Documents/yii/framework/web/CController.php(265): SiteController->runActionWithFilters()
#15 /Library/WebServer/Documents/yii/framework/web/CWebApplication.php(282): SiteController->run()
#16 /Library/WebServer/Documents/yii/framework/web/CWebApplication.php(141): CWebApplication->runController()
#17 /Library/WebServer/Documents/yii/framework/base/CApplication.php(180): CWebApplication->processRequest()
#18 /Library/WebServer/Documents/yiidemo/index.php(13): CWebApplication->run()
REQUEST_URI=/yiidemo/
in /Library/WebServer/Documents/yiidemo/protected/views/layouts/main.php (51)
in /Library/WebServer/Documents/yiidemo/protected/views/layouts/column1.php (6)
in /Library/WebServer/Documents/yiidemo/protected/controllers/SiteController.php (32)
2014/08/08 21:57:16 [error] [php] date(): It is not safe to rely on the system's timezone settings. You are *required* to use the date.timezone setting or the date_default_timezone_set() function. In case you used any of those methods and you are still getting this warning, you most likely misspelled the timezone identifier. We selected the timezone 'UTC' for now, but please set date.timezone to select your timezone. (/Library/WebServer/Documents/yiidemo/protected/views/layouts/main.php:51)
Stack trace:
#0 /Library/WebServer/Documents/yii/framework/web/CBaseController.php(95): SiteController->renderInternal()
#1 /Library/WebServer/Documents/yii/framework/web/widgets/CContentDecorator.php(76): SiteController->renderFile()
#2 /Library/WebServer/Documents/yii/framework/web/widgets/CContentDecorator.php(54): CContentDecorator->decorate()
#3 /Library/WebServer/Documents/yii/framework/web/widgets/COutputProcessor.php(44): CContentDecorator->processOutput()
#4 /Library/WebServer/Documents/yii/framework/web/CBaseController.php(206): CContentDecorator->run()
#5 /Library/WebServer/Documents/yii/framework/web/CBaseController.php(300): SiteController->endWidget()
#6 /Library/WebServer/Documents/yiidemo/protected/views/layouts/column1.php(6): SiteController->endContent()
#7 /Library/WebServer/Documents/yii/framework/web/CBaseController.php(126): require()
#8 /Library/WebServer/Documents/yii/framework/web/CBaseController.php(95): SiteController->renderInternal()
#9 /Library/WebServer/Documents/yii/framework/web/CController.php(784): SiteController->renderFile()
#10 /Library/WebServer/Documents/yiidemo/protected/controllers/SiteController.php(32): SiteController->render()
#11 /Library/WebServer/Documents/yii/framework/web/actions/CInlineAction.php(49): SiteController->actionIndex()
#12 /Library/WebServer/Documents/yii/framework/web/CController.php(308): CInlineAction->runWithParams()
#13 /Library/WebServer/Documents/yii/framework/web/CController.php(286): SiteController->runAction()
#14 /Library/WebServer/Documents/yii/framework/web/CController.php(265): SiteController->runActionWithFilters()
#15 /Library/WebServer/Documents/yii/framework/web/CWebApplication.php(282): SiteController->run()
#16 /Library/WebServer/Documents/yii/framework/web/CWebApplication.php(141): CWebApplication->runController()
#17 /Library/WebServer/Documents/yii/framework/base/CApplication.php(180): CWebApplication->processRequest()
#18 /Library/WebServer/Documents/yiidemo/index.php(13): CWebApplication->run()
REQUEST_URI=/yiidemo/
in /Library/WebServer/Documents/yiidemo/protected/views/layouts/main.php (51)
in /Library/WebServer/Documents/yiidemo/protected/views/layouts/column1.php (6)
in /Library/WebServer/Documents/yiidemo/protected/controllers/SiteController.php (32)
2014/08/08 21:58:11 [error] [php] date(): It is not safe to rely on the system's timezone settings. You are *required* to use the date.timezone setting or the date_default_timezone_set() function. In case you used any of those methods and you are still getting this warning, you most likely misspelled the timezone identifier. We selected the timezone 'UTC' for now, but please set date.timezone to select your timezone. (/Library/WebServer/Documents/yiidemo/protected/views/layouts/main.php:51)
Stack trace:
#0 /Library/WebServer/Documents/yii/framework/web/CBaseController.php(95): SiteController->renderInternal()
#1 /Library/WebServer/Documents/yii/framework/web/widgets/CContentDecorator.php(76): SiteController->renderFile()
#2 /Library/WebServer/Documents/yii/framework/web/widgets/CContentDecorator.php(54): CContentDecorator->decorate()
#3 /Library/WebServer/Documents/yii/framework/web/widgets/COutputProcessor.php(44): CContentDecorator->processOutput()
#4 /Library/WebServer/Documents/yii/framework/web/CBaseController.php(206): CContentDecorator->run()
#5 /Library/WebServer/Documents/yii/framework/web/CBaseController.php(300): SiteController->endWidget()
#6 /Library/WebServer/Documents/yiidemo/protected/views/layouts/column1.php(6): SiteController->endContent()
#7 /Library/WebServer/Documents/yii/framework/web/CBaseController.php(126): require()
#8 /Library/WebServer/Documents/yii/framework/web/CBaseController.php(95): SiteController->renderInternal()
#9 /Library/WebServer/Documents/yii/framework/web/CController.php(784): SiteController->renderFile()
#10 /Library/WebServer/Documents/yiidemo/protected/controllers/SiteController.php(32): SiteController->render()
#11 /Library/WebServer/Documents/yii/framework/web/actions/CInlineAction.php(49): SiteController->actionIndex()
#12 /Library/WebServer/Documents/yii/framework/web/CController.php(308): CInlineAction->runWithParams()
#13 /Library/WebServer/Documents/yii/framework/web/CController.php(286): SiteController->runAction()
#14 /Library/WebServer/Documents/yii/framework/web/CController.php(265): SiteController->runActionWithFilters()
#15 /Library/WebServer/Documents/yii/framework/web/CWebApplication.php(282): SiteController->run()
#16 /Library/WebServer/Documents/yii/framework/web/CWebApplication.php(141): CWebApplication->runController()
#17 /Library/WebServer/Documents/yii/framework/base/CApplication.php(180): CWebApplication->processRequest()
#18 /Library/WebServer/Documents/yiidemo/index.php(13): CWebApplication->run()
REQUEST_URI=/yiidemo/
in /Library/WebServer/Documents/yiidemo/protected/views/layouts/main.php (51)
in /Library/WebServer/Documents/yiidemo/protected/views/layouts/column1.php (6)
in /Library/WebServer/Documents/yiidemo/protected/controllers/SiteController.php (32)
2014/08/08 22:09:05 [error] [exception.CHttpException.404] exception 'CHttpException' with message 'Unable to resolve the request "gii".' in /Library/WebServer/Documents/yii/framework/web/CWebApplication.php:286
Stack trace:
#0 /Library/WebServer/Documents/yii/framework/web/CWebApplication.php(141): CWebApplication->runController('gii')
#1 /Library/WebServer/Documents/yii/framework/base/CApplication.php(180): CWebApplication->processRequest()
#2 /Library/WebServer/Documents/yiidemo/index.php(13): CApplication->run()
#3 {main}
REQUEST_URI=/yiidemo/index.php?r=gii
---
2014/08/08 22:09:41 [error] [exception.CHttpException.404] exception 'CHttpException' with message 'Unable to resolve the request "gii/default/login".' in /Library/WebServer/Documents/yii/framework/web/CWebApplication.php:286
Stack trace:
#0 /Library/WebServer/Documents/yii/framework/web/CWebApplication.php(141): CWebApplication->runController('gii/default/log...')
#1 /Library/WebServer/Documents/yii/framework/base/CApplication.php(180): CWebApplication->processRequest()
#2 /Library/WebServer/Documents/yiidemo/index.php(13): CApplication->run()
#3 {main}
REQUEST_URI=/yiidemo/index.php?r=gii/default/login
---
2014/08/09 08:07:50 [error] [system.db.CDbCommand] CDbCommand::fetchAll() failed: SQLSTATE[42S02]: Base table or view not found: 1146 Table 'dtw.registration' doesn't exist. The SQL statement executed was: SHOW FULL COLUMNS FROM `registration`.
in /Library/WebServer/Documents/yiidemo/index.php (13)
2014/08/09 08:12:41 [error] [exception.CHttpException.403] exception 'CHttpException' with message 'You are not authorized to perform this action.' in /Library/WebServer/Documents/yii/framework/web/auth/CAccessControlFilter.php:182
Stack trace:
#0 /Library/WebServer/Documents/yii/framework/web/auth/CAccessControlFilter.php(145): CAccessControlFilter->accessDenied(Object(CWebUser), 'You are not aut...')
#1 /Library/WebServer/Documents/yii/framework/web/filters/CFilter.php(38): CAccessControlFilter->preFilter(Object(CFilterChain))
#2 /Library/WebServer/Documents/yii/framework/web/CController.php(1145): CFilter->filter(Object(CFilterChain))
#3 /Library/WebServer/Documents/yii/framework/web/filters/CInlineFilter.php(58): CController->filterAccessControl(Object(CFilterChain))
#4 /Library/WebServer/Documents/yii/framework/web/filters/CFilterChain.php(130): CInlineFilter->filter(Object(CFilterChain))
#5 /Library/WebServer/Documents/yii/framework/web/CController.php(291): CFilterChain->run()
#6 /Library/WebServer/Documents/yii/framework/web/CController.php(265): CController->runActionWithFilters(Object(CInlineAction), Array)
#7 /Library/WebServer/Documents/yii/framework/web/CWebApplication.php(282): CController->run('admin')
#8 /Library/WebServer/Documents/yii/framework/web/CWebApplication.php(141): CWebApplication->runController('registration/ad...')
#9 /Library/WebServer/Documents/yii/framework/base/CApplication.php(180): CWebApplication->processRequest()
#10 /Library/WebServer/Documents/yiidemo/index.php(13): CApplication->run()
#11 {main}
REQUEST_URI=/yiidemo/index.php?r=registration/admin
HTTP_REFERER=http://localhost/yiidemo/index.php?r=registration/create
---
2014/08/09 08:15:31 [error] [exception.CHttpException.403] exception 'CHttpException' with message 'You are not authorized to perform this action.' in /Library/WebServer/Documents/yii/framework/web/auth/CAccessControlFilter.php:182
Stack trace:
#0 /Library/WebServer/Documents/yii/framework/web/auth/CAccessControlFilter.php(145): CAccessControlFilter->accessDenied(Object(CWebUser), 'You are not aut...')
#1 /Library/WebServer/Documents/yii/framework/web/filters/CFilter.php(38): CAccessControlFilter->preFilter(Object(CFilterChain))
#2 /Library/WebServer/Documents/yii/framework/web/CController.php(1145): CFilter->filter(Object(CFilterChain))
#3 /Library/WebServer/Documents/yii/framework/web/filters/CInlineFilter.php(58): CController->filterAccessControl(Object(CFilterChain))
#4 /Library/WebServer/Documents/yii/framework/web/filters/CFilterChain.php(130): CInlineFilter->filter(Object(CFilterChain))
#5 /Library/WebServer/Documents/yii/framework/web/CController.php(291): CFilterChain->run()
#6 /Library/WebServer/Documents/yii/framework/web/CController.php(265): CController->runActionWithFilters(Object(CInlineAction), Array)
#7 /Library/WebServer/Documents/yii/framework/web/CWebApplication.php(282): CController->run('admin')
#8 /Library/WebServer/Documents/yii/framework/web/CWebApplication.php(141): CWebApplication->runController('registration/ad...')
#9 /Library/WebServer/Documents/yii/framework/base/CApplication.php(180): CWebApplication->processRequest()
#10 /Library/WebServer/Documents/yiidemo/index.php(13): CApplication->run()
#11 {main}
REQUEST_URI=/yiidemo/index.php?r=registration/admin
HTTP_REFERER=http://localhost/yiidemo/index.php?r=registration/index
---
2014/08/09 08:27:30 [error] [system.db.CDbCommand] CDbCommand::fetchAll() failed: SQLSTATE[42S02]: Base table or view not found: 1146 Table 'dtw.ghj' doesn't exist. The SQL statement executed was: SHOW FULL COLUMNS FROM `ghj`.
in /Library/WebServer/Documents/yiidemo/index.php (13)
2014/08/09 09:13:14 [warning] [application] Failed to set unsafe attribute "email" of "Registration".
in /Library/WebServer/Documents/yiidemo/protected/controllers/RegistrationController.php (72)
in /Library/WebServer/Documents/yiidemo/index.php (13)
2014/08/09 09:13:14 [warning] [application] Failed to set unsafe attribute "phone_number" of "Registration".
in /Library/WebServer/Documents/yiidemo/protected/controllers/RegistrationController.php (72)
in /Library/WebServer/Documents/yiidemo/index.php (13)
2014/08/09 09:13:14 [warning] [application] Failed to set unsafe attribute "address" of "Registration".
in /Library/WebServer/Documents/yiidemo/protected/controllers/RegistrationController.php (72)
in /Library/WebServer/Documents/yiidemo/index.php (13)
2014/08/09 09:13:23 [warning] [application] Failed to set unsafe attribute "email" of "Registration".
in /Library/WebServer/Documents/yiidemo/protected/controllers/RegistrationController.php (72)
in /Library/WebServer/Documents/yiidemo/index.php (13)
2014/08/09 09:13:23 [warning] [application] Failed to set unsafe attribute "phone_number" of "Registration".
in /Library/WebServer/Documents/yiidemo/protected/controllers/RegistrationController.php (72)
in /Library/WebServer/Documents/yiidemo/index.php (13)
2014/08/09 09:13:23 [warning] [application] Failed to set unsafe attribute "address" of "Registration".
in /Library/WebServer/Documents/yiidemo/protected/controllers/RegistrationController.php (72)
in /Library/WebServer/Documents/yiidemo/index.php (13)
2014/08/09 09:17:24 [error] [exception.CHttpException.404] exception 'CHttpException' with message 'The system is unable to find the requested action "crea".' in /Library/WebServer/Documents/yii/framework/web/CController.php:483
Stack trace:
#0 /Library/WebServer/Documents/yii/framework/web/CController.php(270): CController->missingAction('crea')
#1 /Library/WebServer/Documents/yii/framework/web/CWebApplication.php(282): CController->run('crea')
#2 /Library/WebServer/Documents/yii/framework/web/CWebApplication.php(141): CWebApplication->runController('registration/cr...')
#3 /Library/WebServer/Documents/yii/framework/base/CApplication.php(180): CWebApplication->processRequest()
#4 /Library/WebServer/Documents/yiidemo/index.php(13): CApplication->run()
#5 {main}
REQUEST_URI=/yiidemo/index.php?r=registration/crea
---
2014/08/09 09:17:38 [error] [exception.CHttpException.404] exception 'CHttpException' with message 'The system is unable to find the requested action "crea".' in /Library/WebServer/Documents/yii/framework/web/CController.php:483
Stack trace:
#0 /Library/WebServer/Documents/yii/framework/web/CController.php(270): CController->missingAction('crea')
#1 /Library/WebServer/Documents/yii/framework/web/CWebApplication.php(282): CController->run('crea')
#2 /Library/WebServer/Documents/yii/framework/web/CWebApplication.php(141): CWebApplication->runController('registration/cr...')
#3 /Library/WebServer/Documents/yii/framework/base/CApplication.php(180): CWebApplication->processRequest()
#4 /Library/WebServer/Documents/yiidemo/index.php(13): CApplication->run()
#5 {main}
REQUEST_URI=/yiidemo/index.php?r=registration/crea/fa
---
2014/08/09 09:17:43 [error] [exception.CHttpException.404] exception 'CHttpException' with message 'The system is unable to find the requested action "fa".' in /Library/WebServer/Documents/yii/framework/web/CController.php:483
Stack trace:
#0 /Library/WebServer/Documents/yii/framework/web/CController.php(270): CController->missingAction('fa')
#1 /Library/WebServer/Documents/yii/framework/web/CWebApplication.php(282): CController->run('fa')
#2 /Library/WebServer/Documents/yii/framework/web/CWebApplication.php(141): CWebApplication->runController('registration/fa')
#3 /Library/WebServer/Documents/yii/framework/base/CApplication.php(180): CWebApplication->processRequest()
#4 /Library/WebServer/Documents/yiidemo/index.php(13): CApplication->run()
#5 {main}
REQUEST_URI=/yiidemo/index.php?r=registration/fa
---
2014/08/09 09:17:50 [error] [exception.CHttpException.404] exception 'CHttpException' with message 'Unable to resolve the request "rfrej".' in /Library/WebServer/Documents/yii/framework/web/CWebApplication.php:286
Stack trace:
#0 /Library/WebServer/Documents/yii/framework/web/CWebApplication.php(141): CWebApplication->runController('rfrej')
#1 /Library/WebServer/Documents/yii/framework/base/CApplication.php(180): CWebApplication->processRequest()
#2 /Library/WebServer/Documents/yiidemo/index.php(13): CApplication->run()
#3 {main}
REQUEST_URI=/yiidemo/index.php?r=rfrej
---
2014/08/09 09:39:58 [error] [exception.CHttpException.404] exception 'CHttpException' with message 'The system is unable to find the requested action "create?nocache".' in /Library/WebServer/Documents/yii/framework/web/CController.php:483
Stack trace:
#0 /Library/WebServer/Documents/yii/framework/web/CController.php(270): CController->missingAction('create?nocache')
#1 /Library/WebServer/Documents/yii/framework/web/CWebApplication.php(282): CController->run('create?nocache')
#2 /Library/WebServer/Documents/yii/framework/web/CWebApplication.php(141): CWebApplication->runController('registration/cr...')
#3 /Library/WebServer/Documents/yii/framework/base/CApplication.php(180): CWebApplication->processRequest()
#4 /Library/WebServer/Documents/yiidemo/index.php(13): CApplication->run()
#5 {main}
REQUEST_URI=/yiidemo/index.php?r=registration/create?nocache
---
2014/08/09 21:27:36 [error] [exception.CDbException] exception 'CDbException' with message 'CDbConnection failed to open the DB connection: SQLSTATE[HY000] [1045] Access denied for user 'sam '@'localhost' (using password: YES)' in /Library/WebServer/Documents/cog/yii/framework/db/CDbConnection.php:382
Stack trace:
#0 /Library/WebServer/Documents/cog/yii/framework/db/CDbConnection.php(330): CDbConnection->open()
#1 /Library/WebServer/Documents/cog/yii/framework/db/CDbConnection.php(308): CDbConnection->setActive(true)
#2 /Library/WebServer/Documents/cog/yii/framework/base/CModule.php(387): CDbConnection->init()
#3 /Library/WebServer/Documents/cog/yii/framework/base/CApplication.php(450): CModule->getComponent('db')
#4 /Library/WebServer/Documents/cog/yii/framework/db/ar/CActiveRecord.php(634): CApplication->getDb()
#5 /Library/WebServer/Documents/cog/yii/framework/db/ar/CActiveRecord.php(2361): CActiveRecord->getDbConnection()
#6 /Library/WebServer/Documents/cog/yii/framework/db/ar/CActiveRecord.php(411): CActiveRecordMetaData->__construct(Object(Registration))
#7 /Library/WebServer/Documents/cog/yii/framework/db/ar/CActiveRecord.php(79): CActiveRecord->getMetaData()
#8 /Library/WebServer/Documents/cog/protected/controllers/RegistrationController.php(65): CActiveRecord->__construct()
#9 /Library/WebServer/Documents/cog/yii/framework/web/actions/CInlineAction.php(49): RegistrationController->actionCreate()
#10 /Library/WebServer/Documents/cog/yii/framework/web/CController.php(308): CInlineAction->runWithParams(Array)
#11 /Library/WebServer/Documents/cog/yii/framework/web/filters/CFilterChain.php(133): CController->runAction(Object(CInlineAction))
#12 /Library/WebServer/Documents/cog/yii/framework/web/filters/CFilter.php(40): CFilterChain->run()
#13 /Library/WebServer/Documents/cog/yii/framework/web/CController.php(1145): CFilter->filter(Object(CFilterChain))
#14 /Library/WebServer/Documents/cog/yii/framework/web/filters/CInlineFilter.php(58): CController->filterAccessControl(Object(CFilterChain))
#15 /Library/WebServer/Documents/cog/yii/framework/web/filters/CFilterChain.php(130): CInlineFilter->filter(Object(CFilterChain))
#16 /Library/WebServer/Documents/cog/yii/framework/web/CController.php(291): CFilterChain->run()
#17 /Library/WebServer/Documents/cog/yii/framework/web/CController.php(265): CController->runActionWithFilters(Object(CInlineAction), Array)
#18 /Library/WebServer/Documents/cog/yii/framework/web/CWebApplication.php(282): CController->run('create')
#19 /Library/WebServer/Documents/cog/yii/framework/web/CWebApplication.php(141): CWebApplication->runController('registration/cr...')
#20 /Library/WebServer/Documents/cog/yii/framework/base/CApplication.php(180): CWebApplication->processRequest()
#21 /Library/WebServer/Documents/cog/index.php(13): CApplication->run()
#22 {main}
REQUEST_URI=/cog/index.php?r=registration/create
HTTP_REFERER=http://localhost/cog/index.php?r=site/login
---
2014/08/09 21:45:45 [error] [exception.CDbException] exception 'CDbException' with message 'CDbConnection failed to open the DB connection: SQLSTATE[HY000] [1045] Access denied for user 'sam'@'localhost' (using password: YES)' in /Library/WebServer/Documents/cog/yii/framework/db/CDbConnection.php:382
Stack trace:
#0 /Library/WebServer/Documents/cog/yii/framework/db/CDbConnection.php(330): CDbConnection->open()
#1 /Library/WebServer/Documents/cog/yii/framework/db/CDbConnection.php(308): CDbConnection->setActive(true)
#2 /Library/WebServer/Documents/cog/yii/framework/base/CModule.php(387): CDbConnection->init()
#3 /Library/WebServer/Documents/cog/yii/framework/base/CApplication.php(450): CModule->getComponent('db')
#4 /Library/WebServer/Documents/cog/yii/framework/db/ar/CActiveRecord.php(634): CApplication->getDb()
#5 /Library/WebServer/Documents/cog/yii/framework/db/ar/CActiveRecord.php(2361): CActiveRecord->getDbConnection()
#6 /Library/WebServer/Documents/cog/yii/framework/db/ar/CActiveRecord.php(411): CActiveRecordMetaData->__construct(Object(Registration))
#7 /Library/WebServer/Documents/cog/yii/framework/db/ar/CActiveRecord.php(79): CActiveRecord->getMetaData()
#8 /Library/WebServer/Documents/cog/protected/controllers/RegistrationController.php(65): CActiveRecord->__construct()
#9 /Library/WebServer/Documents/cog/yii/framework/web/actions/CInlineAction.php(49): RegistrationController->actionCreate()
#10 /Library/WebServer/Documents/cog/yii/framework/web/CController.php(308): CInlineAction->runWithParams(Array)
#11 /Library/WebServer/Documents/cog/yii/framework/web/filters/CFilterChain.php(133): CController->runAction(Object(CInlineAction))
#12 /Library/WebServer/Documents/cog/yii/framework/web/filters/CFilter.php(40): CFilterChain->run()
#13 /Library/WebServer/Documents/cog/yii/framework/web/CController.php(1145): CFilter->filter(Object(CFilterChain))
#14 /Library/WebServer/Documents/cog/yii/framework/web/filters/CInlineFilter.php(58): CController->filterAccessControl(Object(CFilterChain))
#15 /Library/WebServer/Documents/cog/yii/framework/web/filters/CFilterChain.php(130): CInlineFilter->filter(Object(CFilterChain))
#16 /Library/WebServer/Documents/cog/yii/framework/web/CController.php(291): CFilterChain->run()
#17 /Library/WebServer/Documents/cog/yii/framework/web/CController.php(265): CController->runActionWithFilters(Object(CInlineAction), Array)
#18 /Library/WebServer/Documents/cog/yii/framework/web/CWebApplication.php(282): CController->run('create')
#19 /Library/WebServer/Documents/cog/yii/framework/web/CWebApplication.php(141): CWebApplication->runController('registration/cr...')
#20 /Library/WebServer/Documents/cog/yii/framework/base/CApplication.php(180): CWebApplication->processRequest()
#21 /Library/WebServer/Documents/cog/index.php(13): CApplication->run()
#22 {main}
REQUEST_URI=/cog/index.php?r=registration/create
HTTP_REFERER=http://localhost/cog/index.php?r=site/login
---
2014/08/09 21:46:28 [error] [exception.CDbException] exception 'CDbException' with message 'CDbConnection failed to open the DB connection: SQLSTATE[HY000] [1045] Access denied for user 'root'@'localhost' (using password: YES)' in /Library/WebServer/Documents/cog/yii/framework/db/CDbConnection.php:382
Stack trace:
#0 /Library/WebServer/Documents/cog/yii/framework/db/CDbConnection.php(330): CDbConnection->open()
#1 /Library/WebServer/Documents/cog/yii/framework/db/CDbConnection.php(308): CDbConnection->setActive(true)
#2 /Library/WebServer/Documents/cog/yii/framework/base/CModule.php(387): CDbConnection->init()
#3 /Library/WebServer/Documents/cog/yii/framework/base/CApplication.php(450): CModule->getComponent('db')
#4 /Library/WebServer/Documents/cog/yii/framework/db/ar/CActiveRecord.php(634): CApplication->getDb()
#5 /Library/WebServer/Documents/cog/yii/framework/db/ar/CActiveRecord.php(2361): CActiveRecord->getDbConnection()
#6 /Library/WebServer/Documents/cog/yii/framework/db/ar/CActiveRecord.php(411): CActiveRecordMetaData->__construct(Object(Registration))
#7 /Library/WebServer/Documents/cog/yii/framework/db/ar/CActiveRecord.php(79): CActiveRecord->getMetaData()
#8 /Library/WebServer/Documents/cog/protected/controllers/RegistrationController.php(65): CActiveRecord->__construct()
#9 /Library/WebServer/Documents/cog/yii/framework/web/actions/CInlineAction.php(49): RegistrationController->actionCreate()
#10 /Library/WebServer/Documents/cog/yii/framework/web/CController.php(308): CInlineAction->runWithParams(Array)
#11 /Library/WebServer/Documents/cog/yii/framework/web/filters/CFilterChain.php(133): CController->runAction(Object(CInlineAction))
#12 /Library/WebServer/Documents/cog/yii/framework/web/filters/CFilter.php(40): CFilterChain->run()
#13 /Library/WebServer/Documents/cog/yii/framework/web/CController.php(1145): CFilter->filter(Object(CFilterChain))
#14 /Library/WebServer/Documents/cog/yii/framework/web/filters/CInlineFilter.php(58): CController->filterAccessControl(Object(CFilterChain))
#15 /Library/WebServer/Documents/cog/yii/framework/web/filters/CFilterChain.php(130): CInlineFilter->filter(Object(CFilterChain))
#16 /Library/WebServer/Documents/cog/yii/framework/web/CController.php(291): CFilterChain->run()
#17 /Library/WebServer/Documents/cog/yii/framework/web/CController.php(265): CController->runActionWithFilters(Object(CInlineAction), Array)
#18 /Library/WebServer/Documents/cog/yii/framework/web/CWebApplication.php(282): CController->run('create')
#19 /Library/WebServer/Documents/cog/yii/framework/web/CWebApplication.php(141): CWebApplication->runController('registration/cr...')
#20 /Library/WebServer/Documents/cog/yii/framework/base/CApplication.php(180): CWebApplication->processRequest()
#21 /Library/WebServer/Documents/cog/index.php(13): CApplication->run()
#22 {main}
REQUEST_URI=/cog/index.php?r=registration/create
HTTP_REFERER=http://localhost/cog/index.php?r=site/login
---
2014/08/09 21:46:31 [error] [exception.CDbException] exception 'CDbException' with message 'CDbConnection failed to open the DB connection: SQLSTATE[HY000] [1045] Access denied for user 'root'@'localhost' (using password: YES)' in /Library/WebServer/Documents/cog/yii/framework/db/CDbConnection.php:382
Stack trace:
#0 /Library/WebServer/Documents/cog/yii/framework/db/CDbConnection.php(330): CDbConnection->open()
#1 /Library/WebServer/Documents/cog/yii/framework/db/CDbConnection.php(308): CDbConnection->setActive(true)
#2 /Library/WebServer/Documents/cog/yii/framework/base/CModule.php(387): CDbConnection->init()
#3 /Library/WebServer/Documents/cog/yii/framework/base/CApplication.php(450): CModule->getComponent('db')
#4 /Library/WebServer/Documents/cog/yii/framework/db/ar/CActiveRecord.php(634): CApplication->getDb()
#5 /Library/WebServer/Documents/cog/yii/framework/db/ar/CActiveRecord.php(2361): CActiveRecord->getDbConnection()
#6 /Library/WebServer/Documents/cog/yii/framework/db/ar/CActiveRecord.php(411): CActiveRecordMetaData->__construct(Object(Registration))
#7 /Library/WebServer/Documents/cog/yii/framework/db/ar/CActiveRecord.php(79): CActiveRecord->getMetaData()
#8 /Library/WebServer/Documents/cog/protected/controllers/RegistrationController.php(65): CActiveRecord->__construct()
#9 /Library/WebServer/Documents/cog/yii/framework/web/actions/CInlineAction.php(49): RegistrationController->actionCreate()
#10 /Library/WebServer/Documents/cog/yii/framework/web/CController.php(308): CInlineAction->runWithParams(Array)
#11 /Library/WebServer/Documents/cog/yii/framework/web/filters/CFilterChain.php(133): CController->runAction(Object(CInlineAction))
#12 /Library/WebServer/Documents/cog/yii/framework/web/filters/CFilter.php(40): CFilterChain->run()
#13 /Library/WebServer/Documents/cog/yii/framework/web/CController.php(1145): CFilter->filter(Object(CFilterChain))
#14 /Library/WebServer/Documents/cog/yii/framework/web/filters/CInlineFilter.php(58): CController->filterAccessControl(Object(CFilterChain))
#15 /Library/WebServer/Documents/cog/yii/framework/web/filters/CFilterChain.php(130): CInlineFilter->filter(Object(CFilterChain))
#16 /Library/WebServer/Documents/cog/yii/framework/web/CController.php(291): CFilterChain->run()
#17 /Library/WebServer/Documents/cog/yii/framework/web/CController.php(265): CController->runActionWithFilters(Object(CInlineAction), Array)
#18 /Library/WebServer/Documents/cog/yii/framework/web/CWebApplication.php(282): CController->run('create')
#19 /Library/WebServer/Documents/cog/yii/framework/web/CWebApplication.php(141): CWebApplication->runController('registration/cr...')
#20 /Library/WebServer/Documents/cog/yii/framework/base/CApplication.php(180): CWebApplication->processRequest()
#21 /Library/WebServer/Documents/cog/index.php(13): CApplication->run()
#22 {main}
REQUEST_URI=/cog/index.php?r=registration/create
---
2014/08/09 21:46:38 [error] [exception.CDbException] exception 'CDbException' with message 'CDbConnection failed to open the DB connection: SQLSTATE[HY000] [1045] Access denied for user 'root'@'localhost' (using password: YES)' in /Library/WebServer/Documents/cog/yii/framework/db/CDbConnection.php:382
Stack trace:
#0 /Library/WebServer/Documents/cog/yii/framework/db/CDbConnection.php(330): CDbConnection->open()
#1 /Library/WebServer/Documents/cog/yii/framework/db/CDbConnection.php(308): CDbConnection->setActive(true)
#2 /Library/WebServer/Documents/cog/yii/framework/base/CModule.php(387): CDbConnection->init()
#3 /Library/WebServer/Documents/cog/yii/framework/base/CApplication.php(450): CModule->getComponent('db')
#4 /Library/WebServer/Documents/cog/yii/framework/db/ar/CActiveRecord.php(634): CApplication->getDb()
#5 /Library/WebServer/Documents/cog/yii/framework/db/ar/CActiveRecord.php(2361): CActiveRecord->getDbConnection()
#6 /Library/WebServer/Documents/cog/yii/framework/db/ar/CActiveRecord.php(411): CActiveRecordMetaData->__construct(Object(Registration))
#7 /Library/WebServer/Documents/cog/yii/framework/db/ar/CActiveRecord.php(79): CActiveRecord->getMetaData()
#8 /Library/WebServer/Documents/cog/protected/controllers/RegistrationController.php(65): CActiveRecord->__construct()
#9 /Library/WebServer/Documents/cog/yii/framework/web/actions/CInlineAction.php(49): RegistrationController->actionCreate()
#10 /Library/WebServer/Documents/cog/yii/framework/web/CController.php(308): CInlineAction->runWithParams(Array)
#11 /Library/WebServer/Documents/cog/yii/framework/web/filters/CFilterChain.php(133): CController->runAction(Object(CInlineAction))
#12 /Library/WebServer/Documents/cog/yii/framework/web/filters/CFilter.php(40): CFilterChain->run()
#13 /Library/WebServer/Documents/cog/yii/framework/web/CController.php(1145): CFilter->filter(Object(CFilterChain))
#14 /Library/WebServer/Documents/cog/yii/framework/web/filters/CInlineFilter.php(58): CController->filterAccessControl(Object(CFilterChain))
#15 /Library/WebServer/Documents/cog/yii/framework/web/filters/CFilterChain.php(130): CInlineFilter->filter(Object(CFilterChain))
#16 /Library/WebServer/Documents/cog/yii/framework/web/CController.php(291): CFilterChain->run()
#17 /Library/WebServer/Documents/cog/yii/framework/web/CController.php(265): CController->runActionWithFilters(Object(CInlineAction), Array)
#18 /Library/WebServer/Documents/cog/yii/framework/web/CWebApplication.php(282): CController->run('create')
#19 /Library/WebServer/Documents/cog/yii/framework/web/CWebApplication.php(141): CWebApplication->runController('registration/cr...')
#20 /Library/WebServer/Documents/cog/yii/framework/base/CApplication.php(180): CWebApplication->processRequest()
#21 /Library/WebServer/Documents/cog/index.php(13): CApplication->run()
#22 {main}
REQUEST_URI=/cog/index.php?r=registration/create
HTTP_REFERER=http://localhost/cog/index.php?r=site/login
---
2014/08/09 21:47:55 [error] [exception.CDbException] exception 'CDbException' with message 'CDbConnection failed to open the DB connection: SQLSTATE[HY000] [1045] Access denied for user 'root'@'localhost' (using password: YES)' in /Library/WebServer/Documents/cog/yii/framework/db/CDbConnection.php:382
Stack trace:
#0 /Library/WebServer/Documents/cog/yii/framework/db/CDbConnection.php(330): CDbConnection->open()
#1 /Library/WebServer/Documents/cog/yii/framework/db/CDbConnection.php(308): CDbConnection->setActive(true)
#2 /Library/WebServer/Documents/cog/yii/framework/base/CModule.php(387): CDbConnection->init()
#3 /Library/WebServer/Documents/cog/yii/framework/base/CApplication.php(450): CModule->getComponent('db')
#4 /Library/WebServer/Documents/cog/yii/framework/db/ar/CActiveRecord.php(634): CApplication->getDb()
#5 /Library/WebServer/Documents/cog/yii/framework/db/ar/CActiveRecord.php(2361): CActiveRecord->getDbConnection()
#6 /Library/WebServer/Documents/cog/yii/framework/db/ar/CActiveRecord.php(411): CActiveRecordMetaData->__construct(Object(Registration))
#7 /Library/WebServer/Documents/cog/yii/framework/db/ar/CActiveRecord.php(79): CActiveRecord->getMetaData()
#8 /Library/WebServer/Documents/cog/protected/controllers/RegistrationController.php(65): CActiveRecord->__construct()
#9 /Library/WebServer/Documents/cog/yii/framework/web/actions/CInlineAction.php(49): RegistrationController->actionCreate()
#10 /Library/WebServer/Documents/cog/yii/framework/web/CController.php(308): CInlineAction->runWithParams(Array)
#11 /Library/WebServer/Documents/cog/yii/framework/web/filters/CFilterChain.php(133): CController->runAction(Object(CInlineAction))
#12 /Library/WebServer/Documents/cog/yii/framework/web/filters/CFilter.php(40): CFilterChain->run()
#13 /Library/WebServer/Documents/cog/yii/framework/web/CController.php(1145): CFilter->filter(Object(CFilterChain))
#14 /Library/WebServer/Documents/cog/yii/framework/web/filters/CInlineFilter.php(58): CController->filterAccessControl(Object(CFilterChain))
#15 /Library/WebServer/Documents/cog/yii/framework/web/filters/CFilterChain.php(130): CInlineFilter->filter(Object(CFilterChain))
#16 /Library/WebServer/Documents/cog/yii/framework/web/CController.php(291): CFilterChain->run()
#17 /Library/WebServer/Documents/cog/yii/framework/web/CController.php(265): CController->runActionWithFilters(Object(CInlineAction), Array)
#18 /Library/WebServer/Documents/cog/yii/framework/web/CWebApplication.php(282): CController->run('create')
#19 /Library/WebServer/Documents/cog/yii/framework/web/CWebApplication.php(141): CWebApplication->runController('registration/cr...')
#20 /Library/WebServer/Documents/cog/yii/framework/base/CApplication.php(180): CWebApplication->processRequest()
#21 /Library/WebServer/Documents/cog/index.php(13): CApplication->run()
#22 {main}
REQUEST_URI=/cog/index.php?r=registration/create
HTTP_REFERER=http://localhost/cog/index.php?r=site/login
---
